3106094 reads; of these:
  3106094 (100.00%) were unpaired; of these:
    1766840 (56.88%) aligned 0 times
    1273659 (41.01%) aligned exactly 1 time
    65595 (2.11%) aligned >1 times
43.12% overall alignment rate
90470 reads; of these:
  90470 (100.00%) were unpaired; of these:
    58665 (64.84%) aligned 0 times
    28841 (31.88%) aligned exactly 1 time
    2964 (3.28%) aligned >1 times
35.16% overall alignment rate
68356 reads; of these:
  68356 (100.00%) were unpaired; of these:
    51251 (74.98%) aligned 0 times
    16070 (23.51%) aligned exactly 1 time
    1035 (1.51%) aligned >1 times
25.02% overall alignment rate
81760 reads; of these:
  81760 (100.00%) were unpaired; of these:
    54133 (66.21%) aligned 0 times
    25671 (31.40%) aligned exactly 1 time
    1956 (2.39%) aligned >1 times
33.79% overall alignment rate
555851 reads; of these:
  555851 (100.00%) were unpaired; of these:
    435133 (78.28%) aligned 0 times
    111142 (19.99%) aligned exactly 1 time
    9576 (1.72%) aligned >1 times
21.72% overall alignment rate
7994126 reads; of these:
  7994126 (100.00%) were unpaired; of these:
    4954712 (61.98%) aligned 0 times
    2931656 (36.67%) aligned exactly 1 time
    107758 (1.35%) aligned >1 times
38.02% overall alignment rate
689096 reads; of these:
  689096 (100.00%) were unpaired; of these:
    475298 (68.97%) aligned 0 times
    202721 (29.42%) aligned exactly 1 time
    11077 (1.61%) aligned >1 times
31.03% overall alignment rate
1176531 reads; of these:
  1176531 (100.00%) were unpaired; of these:
    808825 (68.75%) aligned 0 times
    348332 (29.61%) aligned exactly 1 time
    19374 (1.65%) aligned >1 times
31.25% overall alignment rate
282191 reads; of these:
  282191 (100.00%) were unpaired; of these:
    182491 (64.67%) aligned 0 times
    93083 (32.99%) aligned exactly 1 time
    6617 (2.34%) aligned >1 times
35.33% overall alignment rate
1132745 reads; of these:
  1132745 (100.00%) were unpaired; of these:
    775313 (68.45%) aligned 0 times
    338263 (29.86%) aligned exactly 1 time
    19169 (1.69%) aligned >1 times
31.55% overall alignment rate
722953 reads; of these:
  722953 (100.00%) were unpaired; of these:
    418550 (57.89%) aligned 0 times
    279085 (38.60%) aligned exactly 1 time
    25318 (3.50%) aligned >1 times
42.11% overall alignment rate
547903 reads; of these:
  547903 (100.00%) were unpaired; of these:
    405534 (74.02%) aligned 0 times
    135093 (24.66%) aligned exactly 1 time
    7276 (1.33%) aligned >1 times
25.98% overall alignment rate
1073053 reads; of these:
  1073053 (100.00%) were unpaired; of these:
    718495 (66.96%) aligned 0 times
    337571 (31.46%) aligned exactly 1 time
    16987 (1.58%) aligned >1 times
33.04% overall alignment rate
534802 reads; of these:
  534802 (100.00%) were unpaired; of these:
    503388 (94.13%) aligned 0 times
    29712 (5.56%) aligned exactly 1 time
    1702 (0.32%) aligned >1 times
5.87% overall alignment rate
138728 reads; of these:
  138728 (100.00%) were unpaired; of these:
    99634 (71.82%) aligned 0 times
    37348 (26.92%) aligned exactly 1 time
    1746 (1.26%) aligned >1 times
28.18% overall alignment rate
457143 reads; of these:
  457143 (100.00%) were unpaired; of these:
    311866 (68.22%) aligned 0 times
    138630 (30.33%) aligned exactly 1 time
    6647 (1.45%) aligned >1 times
31.78% overall alignment rate
886510 reads; of these:
  886510 (100.00%) were unpaired; of these:
    621217 (70.07%) aligned 0 times
    249942 (28.19%) aligned exactly 1 time
    15351 (1.73%) aligned >1 times
29.93% overall alignment rate
463025 reads; of these:
  463025 (100.00%) were unpaired; of these:
    289404 (62.50%) aligned 0 times
    164675 (35.57%) aligned exactly 1 time
    8946 (1.93%) aligned >1 times
37.50% overall alignment rate
387900 reads; of these:
  387900 (100.00%) were unpaired; of these:
    271154 (69.90%) aligned 0 times
    111439 (28.73%) aligned exactly 1 time
    5307 (1.37%) aligned >1 times
30.10% overall alignment rate
949888 reads; of these:
  949888 (100.00%) were unpaired; of these:
    663686 (69.87%) aligned 0 times
    273544 (28.80%) aligned exactly 1 time
    12658 (1.33%) aligned >1 times
30.13% overall alignment rate
871331 reads; of these:
  871331 (100.00%) were unpaired; of these:
    588247 (67.51%) aligned 0 times
    268783 (30.85%) aligned exactly 1 time
    14301 (1.64%) aligned >1 times
32.49% overall alignment rate
612574 reads; of these:
  612574 (100.00%) were unpaired; of these:
    438476 (71.58%) aligned 0 times
    163857 (26.75%) aligned exactly 1 time
    10241 (1.67%) aligned >1 times
28.42% overall alignment rate
1394124 reads; of these:
  1394124 (100.00%) were unpaired; of these:
    913501 (65.53%) aligned 0 times
    455607 (32.68%) aligned exactly 1 time
    25016 (1.79%) aligned >1 times
34.47% overall alignment rate
3541808 reads; of these:
  3541808 (100.00%) were unpaired; of these:
    2171644 (61.31%) aligned 0 times
    1318741 (37.23%) aligned exactly 1 time
    51423 (1.45%) aligned >1 times
38.69% overall alignment rate
1866634 reads; of these:
  1866634 (100.00%) were unpaired; of these:
    1149234 (61.57%) aligned 0 times
    675320 (36.18%) aligned exactly 1 time
    42080 (2.25%) aligned >1 times
38.43% overall alignment rate
8478246 reads; of these:
  8478246 (100.00%) were unpaired; of these:
    5260930 (62.05%) aligned 0 times
    3080551 (36.33%) aligned exactly 1 time
    136765 (1.61%) aligned >1 times
37.95% overall alignment rate
4436827 reads; of these:
  4436827 (100.00%) were unpaired; of these:
    2670244 (60.18%) aligned 0 times
    1697609 (38.26%) aligned exactly 1 time
    68974 (1.55%) aligned >1 times
39.82% overall alignment rate
31493 reads; of these:
  31493 (100.00%) were unpaired; of these:
    20146 (63.97%) aligned 0 times
    10982 (34.87%) aligned exactly 1 time
    365 (1.16%) aligned >1 times
36.03% overall alignment rate
102121 reads; of these:
  102121 (100.00%) were unpaired; of these:
    70356 (68.89%) aligned 0 times
    29060 (28.46%) aligned exactly 1 time
    2705 (2.65%) aligned >1 times
31.11% overall alignment rate
2433528 reads; of these:
  2433528 (100.00%) were unpaired; of these:
    1484875 (61.02%) aligned 0 times
    891047 (36.62%) aligned exactly 1 time
    57606 (2.37%) aligned >1 times
38.98% overall alignment rate
2144067 reads; of these:
  2144067 (100.00%) were unpaired; of these:
    1491725 (69.57%) aligned 0 times
    607216 (28.32%) aligned exactly 1 time
    45126 (2.10%) aligned >1 times
30.43% overall alignment rate
3413289 reads; of these:
  3413289 (100.00%) were unpaired; of these:
    2167398 (63.50%) aligned 0 times
    1164496 (34.12%) aligned exactly 1 time
    81395 (2.38%) aligned >1 times
36.50% overall alignment rate
3269514 reads; of these:
  3269514 (100.00%) were unpaired; of these:
    1996893 (61.08%) aligned 0 times
    1197506 (36.63%) aligned exactly 1 time
    75115 (2.30%) aligned >1 times
38.92% overall alignment rate
3167330 reads; of these:
  3167330 (100.00%) were unpaired; of these:
    2132875 (67.34%) aligned 0 times
    967424 (30.54%) aligned exactly 1 time
    67031 (2.12%) aligned >1 times
32.66% overall alignment rate
9717476 reads; of these:
  9717476 (100.00%) were unpaired; of these:
    6013751 (61.89%) aligned 0 times
    3472471 (35.73%) aligned exactly 1 time
    231254 (2.38%) aligned >1 times
38.11% overall alignment rate
1705914 reads; of these:
  1705914 (100.00%) were unpaired; of these:
    1057075 (61.97%) aligned 0 times
    610375 (35.78%) aligned exactly 1 time
    38464 (2.25%) aligned >1 times
38.03% overall alignment rate
1000595 reads; of these:
  1000595 (100.00%) were unpaired; of these:
    678790 (67.84%) aligned 0 times
    298660 (29.85%) aligned exactly 1 time
    23145 (2.31%) aligned >1 times
32.16% overall alignment rate
3042185 reads; of these:
  3042185 (100.00%) were unpaired; of these:
    2178212 (71.60%) aligned 0 times
    808294 (26.57%) aligned exactly 1 time
    55679 (1.83%) aligned >1 times
28.40% overall alignment rate
2069319 reads; of these:
  2069319 (100.00%) were unpaired; of these:
    1422882 (68.76%) aligned 0 times
    589395 (28.48%) aligned exactly 1 time
    57042 (2.76%) aligned >1 times
31.24% overall alignment rate
3688525 reads; of these:
  3688525 (100.00%) were unpaired; of these:
    2289117 (62.06%) aligned 0 times
    1306650 (35.42%) aligned exactly 1 time
    92758 (2.51%) aligned >1 times
37.94% overall alignment rate
2419937 reads; of these:
  2419937 (100.00%) were unpaired; of these:
    1651682 (68.25%) aligned 0 times
    725093 (29.96%) aligned exactly 1 time
    43162 (1.78%) aligned >1 times
31.75% overall alignment rate
699862 reads; of these:
  699862 (100.00%) were unpaired; of these:
    478268 (68.34%) aligned 0 times
    204218 (29.18%) aligned exactly 1 time
    17376 (2.48%) aligned >1 times
31.66% overall alignment rate
1808884 reads; of these:
  1808884 (100.00%) were unpaired; of these:
    1162795 (64.28%) aligned 0 times
    600189 (33.18%) aligned exactly 1 time
    45900 (2.54%) aligned >1 times
35.72% overall alignment rate
4097579 reads; of these:
  4097579 (100.00%) were unpaired; of these:
    2731111 (66.65%) aligned 0 times
    1284161 (31.34%) aligned exactly 1 time
    82307 (2.01%) aligned >1 times
33.35% overall alignment rate
5536543 reads; of these:
  5536543 (100.00%) were unpaired; of these:
    3386355 (61.16%) aligned 0 times
    2064908 (37.30%) aligned exactly 1 time
    85280 (1.54%) aligned >1 times
38.84% overall alignment rate
12822085 reads; of these:
  12822085 (100.00%) were unpaired; of these:
    8253098 (64.37%) aligned 0 times
    4388134 (34.22%) aligned exactly 1 time
    180853 (1.41%) aligned >1 times
35.63% overall alignment rate
5373090 reads; of these:
  5373090 (100.00%) were unpaired; of these:
    3516990 (65.46%) aligned 0 times
    1769824 (32.94%) aligned exactly 1 time
    86276 (1.61%) aligned >1 times
34.54% overall alignment rate
254148 reads; of these:
  254148 (100.00%) were unpaired; of these:
    182411 (71.77%) aligned 0 times
    65902 (25.93%) aligned exactly 1 time
    5835 (2.30%) aligned >1 times
28.23% overall alignment rate
1782212 reads; of these:
  1782212 (100.00%) were unpaired; of these:
    1130177 (63.41%) aligned 0 times
    621237 (34.86%) aligned exactly 1 time
    30798 (1.73%) aligned >1 times
36.59% overall alignment rate
3558910 reads; of these:
  3558910 (100.00%) were unpaired; of these:
    2346078 (65.92%) aligned 0 times
    1165095 (32.74%) aligned exactly 1 time
    47737 (1.34%) aligned >1 times
34.08% overall alignment rate
1841476 reads; of these:
  1841476 (100.00%) were unpaired; of these:
    1195933 (64.94%) aligned 0 times
    618776 (33.60%) aligned exactly 1 time
    26767 (1.45%) aligned >1 times
35.06% overall alignment rate
2448751 reads; of these:
  2448751 (100.00%) were unpaired; of these:
    1610337 (65.76%) aligned 0 times
    795870 (32.50%) aligned exactly 1 time
    42544 (1.74%) aligned >1 times
34.24% overall alignment rate
1896374 reads; of these:
  1896374 (100.00%) were unpaired; of these:
    1212635 (63.94%) aligned 0 times
    642501 (33.88%) aligned exactly 1 time
    41238 (2.17%) aligned >1 times
36.06% overall alignment rate
2609818 reads; of these:
  2609818 (100.00%) were unpaired; of these:
    1851741 (70.95%) aligned 0 times
    724321 (27.75%) aligned exactly 1 time
    33756 (1.29%) aligned >1 times
29.05% overall alignment rate
4671893 reads; of these:
  4671893 (100.00%) were unpaired; of these:
    2873999 (61.52%) aligned 0 times
    1725631 (36.94%) aligned exactly 1 time
    72263 (1.55%) aligned >1 times
38.48% overall alignment rate
1922186 reads; of these:
  1922186 (100.00%) were unpaired; of these:
    1127263 (58.64%) aligned 0 times
    758110 (39.44%) aligned exactly 1 time
    36813 (1.92%) aligned >1 times
41.36% overall alignment rate
3039210 reads; of these:
  3039210 (100.00%) were unpaired; of these:
    1903691 (62.64%) aligned 0 times
    1094228 (36.00%) aligned exactly 1 time
    41291 (1.36%) aligned >1 times
37.36% overall alignment rate
3587144 reads; of these:
  3587144 (100.00%) were unpaired; of these:
    2279165 (63.54%) aligned 0 times
    1247823 (34.79%) aligned exactly 1 time
    60156 (1.68%) aligned >1 times
36.46% overall alignment rate
212086 reads; of these:
  212086 (100.00%) were unpaired; of these:
    160619 (75.73%) aligned 0 times
    49235 (23.21%) aligned exactly 1 time
    2232 (1.05%) aligned >1 times
24.27% overall alignment rate
4588573 reads; of these:
  4588573 (100.00%) were unpaired; of these:
    3081749 (67.16%) aligned 0 times
    1434978 (31.27%) aligned exactly 1 time
    71846 (1.57%) aligned >1 times
32.84% overall alignment rate
358374 reads; of these:
  358374 (100.00%) were unpaired; of these:
    259409 (72.38%) aligned 0 times
    92151 (25.71%) aligned exactly 1 time
    6814 (1.90%) aligned >1 times
27.62% overall alignment rate
400150 reads; of these:
  400150 (100.00%) were unpaired; of these:
    309122 (77.25%) aligned 0 times
    87201 (21.79%) aligned exactly 1 time
    3827 (0.96%) aligned >1 times
22.75% overall alignment rate
6634781 reads; of these:
  6634781 (100.00%) were unpaired; of these:
    4106474 (61.89%) aligned 0 times
    2416402 (36.42%) aligned exactly 1 time
    111905 (1.69%) aligned >1 times
38.11% overall alignment rate
5398662 reads; of these:
  5398662 (100.00%) were unpaired; of these:
    3241701 (60.05%) aligned 0 times
    2044630 (37.87%) aligned exactly 1 time
    112331 (2.08%) aligned >1 times
39.95% overall alignment rate
236212 reads; of these:
  236212 (100.00%) were unpaired; of these:
    162016 (68.59%) aligned 0 times
    67726 (28.67%) aligned exactly 1 time
    6470 (2.74%) aligned >1 times
31.41% overall alignment rate
1105892 reads; of these:
  1105892 (100.00%) were unpaired; of these:
    700679 (63.36%) aligned 0 times
    376517 (34.05%) aligned exactly 1 time
    28696 (2.59%) aligned >1 times
36.64% overall alignment rate
2172168 reads; of these:
  2172168 (100.00%) were unpaired; of these:
    1295499 (59.64%) aligned 0 times
    836377 (38.50%) aligned exactly 1 time
    40292 (1.85%) aligned >1 times
40.36% overall alignment rate
1009471 reads; of these:
  1009471 (100.00%) were unpaired; of these:
    601119 (59.55%) aligned 0 times
    383293 (37.97%) aligned exactly 1 time
    25059 (2.48%) aligned >1 times
40.45% overall alignment rate
6881931 reads; of these:
  6881931 (100.00%) were unpaired; of these:
    4424426 (64.29%) aligned 0 times
    2345102 (34.08%) aligned exactly 1 time
    112403 (1.63%) aligned >1 times
35.71% overall alignment rate
3352871 reads; of these:
  3352871 (100.00%) were unpaired; of these:
    2095731 (62.51%) aligned 0 times
    1193334 (35.59%) aligned exactly 1 time
    63806 (1.90%) aligned >1 times
37.49% overall alignment rate
2392840 reads; of these:
  2392840 (100.00%) were unpaired; of these:
    1729229 (72.27%) aligned 0 times
    626300 (26.17%) aligned exactly 1 time
    37311 (1.56%) aligned >1 times
27.73% overall alignment rate
5471370 reads; of these:
  5471370 (100.00%) were unpaired; of these:
    3645597 (66.63%) aligned 0 times
    1725293 (31.53%) aligned exactly 1 time
    100480 (1.84%) aligned >1 times
33.37% overall alignment rate
129813 reads; of these:
  129813 (100.00%) were unpaired; of these:
    90475 (69.70%) aligned 0 times
    35809 (27.59%) aligned exactly 1 time
    3529 (2.72%) aligned >1 times
30.30% overall alignment rate
269288 reads; of these:
  269288 (100.00%) were unpaired; of these:
    247183 (91.79%) aligned 0 times
    20903 (7.76%) aligned exactly 1 time
    1202 (0.45%) aligned >1 times
8.21% overall alignment rate
4254030 reads; of these:
  4254030 (100.00%) were unpaired; of these:
    2803334 (65.90%) aligned 0 times
    1389421 (32.66%) aligned exactly 1 time
    61275 (1.44%) aligned >1 times
34.10% overall alignment rate
2006734 reads; of these:
  2006734 (100.00%) were unpaired; of these:
    1532733 (76.38%) aligned 0 times
    447873 (22.32%) aligned exactly 1 time
    26128 (1.30%) aligned >1 times
23.62% overall alignment rate
40779 reads; of these:
  40779 (100.00%) were unpaired; of these:
    29673 (72.77%) aligned 0 times
    10602 (26.00%) aligned exactly 1 time
    504 (1.24%) aligned >1 times
27.23% overall alignment rate
3631345 reads; of these:
  3631345 (100.00%) were unpaired; of these:
    2344112 (64.55%) aligned 0 times
    1221934 (33.65%) aligned exactly 1 time
    65299 (1.80%) aligned >1 times
35.45% overall alignment rate
2683069 reads; of these:
  2683069 (100.00%) were unpaired; of these:
    1946974 (72.57%) aligned 0 times
    691243 (25.76%) aligned exactly 1 time
    44852 (1.67%) aligned >1 times
27.43% overall alignment rate
1768667 reads; of these:
  1768667 (100.00%) were unpaired; of these:
    1176786 (66.54%) aligned 0 times
    560646 (31.70%) aligned exactly 1 time
    31235 (1.77%) aligned >1 times
33.46% overall alignment rate
18072 reads; of these:
  18072 (100.00%) were unpaired; of these:
    11576 (64.05%) aligned 0 times
    6291 (34.81%) aligned exactly 1 time
    205 (1.13%) aligned >1 times
35.95% overall alignment rate
2132347 reads; of these:
  2132347 (100.00%) were unpaired; of these:
    1502488 (70.46%) aligned 0 times
    597032 (28.00%) aligned exactly 1 time
    32827 (1.54%) aligned >1 times
29.54% overall alignment rate
3669154 reads; of these:
  3669154 (100.00%) were unpaired; of these:
    2365555 (64.47%) aligned 0 times
    1253750 (34.17%) aligned exactly 1 time
    49849 (1.36%) aligned >1 times
35.53% overall alignment rate
1438253 reads; of these:
  1438253 (100.00%) were unpaired; of these:
    984453 (68.45%) aligned 0 times
    426321 (29.64%) aligned exactly 1 time
    27479 (1.91%) aligned >1 times
31.55% overall alignment rate
4743805 reads; of these:
  4743805 (100.00%) were unpaired; of these:
    3269970 (68.93%) aligned 0 times
    1415772 (29.84%) aligned exactly 1 time
    58063 (1.22%) aligned >1 times
31.07% overall alignment rate
1189991 reads; of these:
  1189991 (100.00%) were unpaired; of these:
    802671 (67.45%) aligned 0 times
    371613 (31.23%) aligned exactly 1 time
    15707 (1.32%) aligned >1 times
32.55% overall alignment rate
2397069 reads; of these:
  2397069 (100.00%) were unpaired; of these:
    1641825 (68.49%) aligned 0 times
    723844 (30.20%) aligned exactly 1 time
    31400 (1.31%) aligned >1 times
31.51% overall alignment rate
1584634 reads; of these:
  1584634 (100.00%) were unpaired; of these:
    1021656 (64.47%) aligned 0 times
    529172 (33.39%) aligned exactly 1 time
    33806 (2.13%) aligned >1 times
35.53% overall alignment rate
1262162 reads; of these:
  1262162 (100.00%) were unpaired; of these:
    820741 (65.03%) aligned 0 times
    424947 (33.67%) aligned exactly 1 time
    16474 (1.31%) aligned >1 times
34.97% overall alignment rate
2052785 reads; of these:
  2052785 (100.00%) were unpaired; of these:
    1288966 (62.79%) aligned 0 times
    732292 (35.67%) aligned exactly 1 time
    31527 (1.54%) aligned >1 times
37.21% overall alignment rate
1838189 reads; of these:
  1838189 (100.00%) were unpaired; of these:
    1165190 (63.39%) aligned 0 times
    646172 (35.15%) aligned exactly 1 time
    26827 (1.46%) aligned >1 times
36.61% overall alignment rate
1811785 reads; of these:
  1811785 (100.00%) were unpaired; of these:
    1053858 (58.17%) aligned 0 times
    729608 (40.27%) aligned exactly 1 time
    28319 (1.56%) aligned >1 times
41.83% overall alignment rate
88581 reads; of these:
  88581 (100.00%) were unpaired; of these:
    60376 (68.16%) aligned 0 times
    26910 (30.38%) aligned exactly 1 time
    1295 (1.46%) aligned >1 times
31.84% overall alignment rate
883681 reads; of these:
  883681 (100.00%) were unpaired; of these:
    558946 (63.25%) aligned 0 times
    306981 (34.74%) aligned exactly 1 time
    17754 (2.01%) aligned >1 times
36.75% overall alignment rate
1418161 reads; of these:
  1418161 (100.00%) were unpaired; of these:
    881870 (62.18%) aligned 0 times
    517950 (36.52%) aligned exactly 1 time
    18341 (1.29%) aligned >1 times
37.82% overall alignment rate
1251684 reads; of these:
  1251684 (100.00%) were unpaired; of these:
    802914 (64.15%) aligned 0 times
    426564 (34.08%) aligned exactly 1 time
    22206 (1.77%) aligned >1 times
35.85% overall alignment rate
1461415 reads; of these:
  1461415 (100.00%) were unpaired; of these:
    829698 (56.77%) aligned 0 times
    608891 (41.66%) aligned exactly 1 time
    22826 (1.56%) aligned >1 times
43.23% overall alignment rate
1554456 reads; of these:
  1554456 (100.00%) were unpaired; of these:
    945294 (60.81%) aligned 0 times
    581809 (37.43%) aligned exactly 1 time
    27353 (1.76%) aligned >1 times
39.19% overall alignment rate
2435430 reads; of these:
  2435430 (100.00%) were unpaired; of these:
    1458871 (59.90%) aligned 0 times
    944891 (38.80%) aligned exactly 1 time
    31668 (1.30%) aligned >1 times
40.10% overall alignment rate
1211638 reads; of these:
  1211638 (100.00%) were unpaired; of these:
    794427 (65.57%) aligned 0 times
    395677 (32.66%) aligned exactly 1 time
    21534 (1.78%) aligned >1 times
34.43% overall alignment rate
1059335 reads; of these:
  1059335 (100.00%) were unpaired; of these:
    658361 (62.15%) aligned 0 times
    383079 (36.16%) aligned exactly 1 time
    17895 (1.69%) aligned >1 times
37.85% overall alignment rate
1369701 reads; of these:
  1369701 (100.00%) were unpaired; of these:
    795142 (58.05%) aligned 0 times
    540253 (39.44%) aligned exactly 1 time
    34306 (2.50%) aligned >1 times
41.95% overall alignment rate
7690 reads; of these:
  7690 (100.00%) were unpaired; of these:
    5688 (73.97%) aligned 0 times
    1940 (25.23%) aligned exactly 1 time
    62 (0.81%) aligned >1 times
26.03% overall alignment rate
1712561 reads; of these:
  1712561 (100.00%) were unpaired; of these:
    1129911 (65.98%) aligned 0 times
    555557 (32.44%) aligned exactly 1 time
    27093 (1.58%) aligned >1 times
34.02% overall alignment rate
495870 reads; of these:
  495870 (100.00%) were unpaired; of these:
    344246 (69.42%) aligned 0 times
    145553 (29.35%) aligned exactly 1 time
    6071 (1.22%) aligned >1 times
30.58% overall alignment rate
1256278 reads; of these:
  1256278 (100.00%) were unpaired; of these:
    960640 (76.47%) aligned 0 times
    276300 (21.99%) aligned exactly 1 time
    19338 (1.54%) aligned >1 times
23.53% overall alignment rate
756390 reads; of these:
  756390 (100.00%) were unpaired; of these:
    529298 (69.98%) aligned 0 times
    217384 (28.74%) aligned exactly 1 time
    9708 (1.28%) aligned >1 times
30.02% overall alignment rate
457015 reads; of these:
  457015 (100.00%) were unpaired; of these:
    315908 (69.12%) aligned 0 times
    134968 (29.53%) aligned exactly 1 time
    6139 (1.34%) aligned >1 times
30.88% overall alignment rate
1006794 reads; of these:
  1006794 (100.00%) were unpaired; of these:
    766115 (76.09%) aligned 0 times
    225244 (22.37%) aligned exactly 1 time
    15435 (1.53%) aligned >1 times
23.91% overall alignment rate
534008 reads; of these:
  534008 (100.00%) were unpaired; of these:
    402169 (75.31%) aligned 0 times
    124561 (23.33%) aligned exactly 1 time
    7278 (1.36%) aligned >1 times
24.69% overall alignment rate
44838 reads; of these:
  44838 (100.00%) were unpaired; of these:
    33179 (74.00%) aligned 0 times
    11120 (24.80%) aligned exactly 1 time
    539 (1.20%) aligned >1 times
26.00% overall alignment rate
731290 reads; of these:
  731290 (100.00%) were unpaired; of these:
    565531 (77.33%) aligned 0 times
    154669 (21.15%) aligned exactly 1 time
    11090 (1.52%) aligned >1 times
22.67% overall alignment rate
869874 reads; of these:
  869874 (100.00%) were unpaired; of these:
    670513 (77.08%) aligned 0 times
    191290 (21.99%) aligned exactly 1 time
    8071 (0.93%) aligned >1 times
22.92% overall alignment rate
65008 reads; of these:
  65008 (100.00%) were unpaired; of these:
    46196 (71.06%) aligned 0 times
    17775 (27.34%) aligned exactly 1 time
    1037 (1.60%) aligned >1 times
28.94% overall alignment rate
80683 reads; of these:
  80683 (100.00%) were unpaired; of these:
    75340 (93.38%) aligned 0 times
    5063 (6.28%) aligned exactly 1 time
    280 (0.35%) aligned >1 times
6.62% overall alignment rate
865334 reads; of these:
  865334 (100.00%) were unpaired; of these:
    624415 (72.16%) aligned 0 times
    231040 (26.70%) aligned exactly 1 time
    9879 (1.14%) aligned >1 times
27.84% overall alignment rate
1582140 reads; of these:
  1582140 (100.00%) were unpaired; of these:
    1062474 (67.15%) aligned 0 times
    494474 (31.25%) aligned exactly 1 time
    25192 (1.59%) aligned >1 times
32.85% overall alignment rate
630813 reads; of these:
  630813 (100.00%) were unpaired; of these:
    382395 (60.62%) aligned 0 times
    175568 (27.83%) aligned exactly 1 time
    72850 (11.55%) aligned >1 times
39.38% overall alignment rate
538097 reads; of these:
  538097 (100.00%) were unpaired; of these:
    373272 (69.37%) aligned 0 times
    157002 (29.18%) aligned exactly 1 time
    7823 (1.45%) aligned >1 times
30.63% overall alignment rate
435632 reads; of these:
  435632 (100.00%) were unpaired; of these:
    298338 (68.48%) aligned 0 times
    129907 (29.82%) aligned exactly 1 time
    7387 (1.70%) aligned >1 times
31.52% overall alignment rate
1559725 reads; of these:
  1559725 (100.00%) were unpaired; of these:
    1085460 (69.59%) aligned 0 times
    451325 (28.94%) aligned exactly 1 time
    22940 (1.47%) aligned >1 times
30.41% overall alignment rate
2584451 reads; of these:
  2584451 (100.00%) were unpaired; of these:
    1654227 (64.01%) aligned 0 times
    874560 (33.84%) aligned exactly 1 time
    55664 (2.15%) aligned >1 times
35.99% overall alignment rate
1430338 reads; of these:
  1430338 (100.00%) were unpaired; of these:
    965056 (67.47%) aligned 0 times
    441798 (30.89%) aligned exactly 1 time
    23484 (1.64%) aligned >1 times
32.53% overall alignment rate
2753911 reads; of these:
  2753911 (100.00%) were unpaired; of these:
    1955902 (71.02%) aligned 0 times
    758507 (27.54%) aligned exactly 1 time
    39502 (1.43%) aligned >1 times
28.98% overall alignment rate
1833078 reads; of these:
  1833078 (100.00%) were unpaired; of these:
    1313122 (71.63%) aligned 0 times
    483667 (26.39%) aligned exactly 1 time
    36289 (1.98%) aligned >1 times
28.37% overall alignment rate
235262 reads; of these:
  235262 (100.00%) were unpaired; of these:
    143954 (61.19%) aligned 0 times
    76718 (32.61%) aligned exactly 1 time
    14590 (6.20%) aligned >1 times
38.81% overall alignment rate
3197459 reads; of these:
  3197459 (100.00%) were unpaired; of these:
    2026558 (63.38%) aligned 0 times
    1102176 (34.47%) aligned exactly 1 time
    68725 (2.15%) aligned >1 times
36.62% overall alignment rate
935936 reads; of these:
  935936 (100.00%) were unpaired; of these:
    573910 (61.32%) aligned 0 times
    321605 (34.36%) aligned exactly 1 time
    40421 (4.32%) aligned >1 times
38.68% overall alignment rate
1200736 reads; of these:
  1200736 (100.00%) were unpaired; of these:
    763872 (63.62%) aligned 0 times
    411006 (34.23%) aligned exactly 1 time
    25858 (2.15%) aligned >1 times
36.38% overall alignment rate
207694 reads; of these:
  207694 (100.00%) were unpaired; of these:
    136387 (65.67%) aligned 0 times
    61908 (29.81%) aligned exactly 1 time
    9399 (4.53%) aligned >1 times
34.33% overall alignment rate
1856834 reads; of these:
  1856834 (100.00%) were unpaired; of these:
    1267716 (68.27%) aligned 0 times
    553036 (29.78%) aligned exactly 1 time
    36082 (1.94%) aligned >1 times
31.73% overall alignment rate
1858221 reads; of these:
  1858221 (100.00%) were unpaired; of these:
    1189507 (64.01%) aligned 0 times
    630035 (33.91%) aligned exactly 1 time
    38679 (2.08%) aligned >1 times
35.99% overall alignment rate
3618937 reads; of these:
  3618937 (100.00%) were unpaired; of these:
    2572754 (71.09%) aligned 0 times
    984776 (27.21%) aligned exactly 1 time
    61407 (1.70%) aligned >1 times
28.91% overall alignment rate
1087940 reads; of these:
  1087940 (100.00%) were unpaired; of these:
    829509 (76.25%) aligned 0 times
    241877 (22.23%) aligned exactly 1 time
    16554 (1.52%) aligned >1 times
23.75% overall alignment rate
1304375 reads; of these:
  1304375 (100.00%) were unpaired; of these:
    837164 (64.18%) aligned 0 times
    448809 (34.41%) aligned exactly 1 time
    18402 (1.41%) aligned >1 times
35.82% overall alignment rate
2910491 reads; of these:
  2910491 (100.00%) were unpaired; of these:
    1696156 (58.28%) aligned 0 times
    1143832 (39.30%) aligned exactly 1 time
    70503 (2.42%) aligned >1 times
41.72% overall alignment rate
1080635 reads; of these:
  1080635 (100.00%) were unpaired; of these:
    773005 (71.53%) aligned 0 times
    291084 (26.94%) aligned exactly 1 time
    16546 (1.53%) aligned >1 times
28.47% overall alignment rate
467172 reads; of these:
  467172 (100.00%) were unpaired; of these:
    301982 (64.64%) aligned 0 times
    154065 (32.98%) aligned exactly 1 time
    11125 (2.38%) aligned >1 times
35.36% overall alignment rate
3365022 reads; of these:
  3365022 (100.00%) were unpaired; of these:
    2026641 (60.23%) aligned 0 times
    1250313 (37.16%) aligned exactly 1 time
    88068 (2.62%) aligned >1 times
39.77% overall alignment rate
560309 reads; of these:
  560309 (100.00%) were unpaired; of these:
    352796 (62.96%) aligned 0 times
    193999 (34.62%) aligned exactly 1 time
    13514 (2.41%) aligned >1 times
37.04% overall alignment rate
596213 reads; of these:
  596213 (100.00%) were unpaired; of these:
    368791 (61.86%) aligned 0 times
    200669 (33.66%) aligned exactly 1 time
    26753 (4.49%) aligned >1 times
38.14% overall alignment rate
2201288 reads; of these:
  2201288 (100.00%) were unpaired; of these:
    1519746 (69.04%) aligned 0 times
    645689 (29.33%) aligned exactly 1 time
    35853 (1.63%) aligned >1 times
30.96% overall alignment rate
2163192 reads; of these:
  2163192 (100.00%) were unpaired; of these:
    1369710 (63.32%) aligned 0 times
    723980 (33.47%) aligned exactly 1 time
    69502 (3.21%) aligned >1 times
36.68% overall alignment rate
19969 reads; of these:
  19969 (100.00%) were unpaired; of these:
    12920 (64.70%) aligned 0 times
    6591 (33.01%) aligned exactly 1 time
    458 (2.29%) aligned >1 times
35.30% overall alignment rate
2520454 reads; of these:
  2520454 (100.00%) were unpaired; of these:
    1572203 (62.38%) aligned 0 times
    898104 (35.63%) aligned exactly 1 time
    50147 (1.99%) aligned >1 times
37.62% overall alignment rate
1875012 reads; of these:
  1875012 (100.00%) were unpaired; of these:
    1280888 (68.31%) aligned 0 times
    565117 (30.14%) aligned exactly 1 time
    29007 (1.55%) aligned >1 times
31.69% overall alignment rate
3124809 reads; of these:
  3124809 (100.00%) were unpaired; of these:
    2046863 (65.50%) aligned 0 times
    1015348 (32.49%) aligned exactly 1 time
    62598 (2.00%) aligned >1 times
34.50% overall alignment rate
728784 reads; of these:
  728784 (100.00%) were unpaired; of these:
    505545 (69.37%) aligned 0 times
    209669 (28.77%) aligned exactly 1 time
    13570 (1.86%) aligned >1 times
30.63% overall alignment rate
642940 reads; of these:
  642940 (100.00%) were unpaired; of these:
    401386 (62.43%) aligned 0 times
    211215 (32.85%) aligned exactly 1 time
    30339 (4.72%) aligned >1 times
37.57% overall alignment rate
1082038 reads; of these:
  1082038 (100.00%) were unpaired; of these:
    681752 (63.01%) aligned 0 times
    366969 (33.91%) aligned exactly 1 time
    33317 (3.08%) aligned >1 times
36.99% overall alignment rate
3009912 reads; of these:
  3009912 (100.00%) were unpaired; of these:
    1749500 (58.12%) aligned 0 times
    1175092 (39.04%) aligned exactly 1 time
    85320 (2.83%) aligned >1 times
41.88% overall alignment rate
1790309 reads; of these:
  1790309 (100.00%) were unpaired; of these:
    1210757 (67.63%) aligned 0 times
    539751 (30.15%) aligned exactly 1 time
    39801 (2.22%) aligned >1 times
32.37% overall alignment rate
1081020 reads; of these:
  1081020 (100.00%) were unpaired; of these:
    756249 (69.96%) aligned 0 times
    302812 (28.01%) aligned exactly 1 time
    21959 (2.03%) aligned >1 times
30.04% overall alignment rate
1122039 reads; of these:
  1122039 (100.00%) were unpaired; of these:
    765082 (68.19%) aligned 0 times
    344244 (30.68%) aligned exactly 1 time
    12713 (1.13%) aligned >1 times
31.81% overall alignment rate
1113467 reads; of these:
  1113467 (100.00%) were unpaired; of these:
    762720 (68.50%) aligned 0 times
    332854 (29.89%) aligned exactly 1 time
    17893 (1.61%) aligned >1 times
31.50% overall alignment rate
864813 reads; of these:
  864813 (100.00%) were unpaired; of these:
    583156 (67.43%) aligned 0 times
    270057 (31.23%) aligned exactly 1 time
    11600 (1.34%) aligned >1 times
32.57% overall alignment rate
1820780 reads; of these:
  1820780 (100.00%) were unpaired; of these:
    1177741 (64.68%) aligned 0 times
    610680 (33.54%) aligned exactly 1 time
    32359 (1.78%) aligned >1 times
35.32% overall alignment rate
2612609 reads; of these:
  2612609 (100.00%) were unpaired; of these:
    1731462 (66.27%) aligned 0 times
    842361 (32.24%) aligned exactly 1 time
    38786 (1.48%) aligned >1 times
33.73% overall alignment rate
1807277 reads; of these:
  1807277 (100.00%) were unpaired; of these:
    1164218 (64.42%) aligned 0 times
    615326 (34.05%) aligned exactly 1 time
    27733 (1.53%) aligned >1 times
35.58% overall alignment rate
3058681 reads; of these:
  3058681 (100.00%) were unpaired; of these:
    2038962 (66.66%) aligned 0 times
    970057 (31.71%) aligned exactly 1 time
    49662 (1.62%) aligned >1 times
33.34% overall alignment rate
15850 reads; of these:
  15850 (100.00%) were unpaired; of these:
    11229 (70.85%) aligned 0 times
    4440 (28.01%) aligned exactly 1 time
    181 (1.14%) aligned >1 times
29.15% overall alignment rate
1623505 reads; of these:
  1623505 (100.00%) were unpaired; of these:
    1064853 (65.59%) aligned 0 times
    531493 (32.74%) aligned exactly 1 time
    27159 (1.67%) aligned >1 times
34.41% overall alignment rate
1522950 reads; of these:
  1522950 (100.00%) were unpaired; of these:
    983223 (64.56%) aligned 0 times
    516092 (33.89%) aligned exactly 1 time
    23635 (1.55%) aligned >1 times
35.44% overall alignment rate
61868 reads; of these:
  61868 (100.00%) were unpaired; of these:
    39715 (64.19%) aligned 0 times
    21460 (34.69%) aligned exactly 1 time
    693 (1.12%) aligned >1 times
35.81% overall alignment rate
275312 reads; of these:
  275312 (100.00%) were unpaired; of these:
    250286 (90.91%) aligned 0 times
    23817 (8.65%) aligned exactly 1 time
    1209 (0.44%) aligned >1 times
9.09% overall alignment rate
1491217 reads; of these:
  1491217 (100.00%) were unpaired; of these:
    1007095 (67.54%) aligned 0 times
    464231 (31.13%) aligned exactly 1 time
    19891 (1.33%) aligned >1 times
32.46% overall alignment rate
2646262 reads; of these:
  2646262 (100.00%) were unpaired; of these:
    1800194 (68.03%) aligned 0 times
    811295 (30.66%) aligned exactly 1 time
    34773 (1.31%) aligned >1 times
31.97% overall alignment rate
3103404 reads; of these:
  3103404 (100.00%) were unpaired; of these:
    2231674 (71.91%) aligned 0 times
    825590 (26.60%) aligned exactly 1 time
    46140 (1.49%) aligned >1 times
28.09% overall alignment rate
2399453 reads; of these:
  2399453 (100.00%) were unpaired; of these:
    1564393 (65.20%) aligned 0 times
    803844 (33.50%) aligned exactly 1 time
    31216 (1.30%) aligned >1 times
34.80% overall alignment rate
