Read 4391057 spots for SRR5587009
Written 4391057 spots for SRR5587009
Read 3106094 spots for SRR5587010
Written 3106094 spots for SRR5587010
Read 90470 spots for SRR5587011
Written 90470 spots for SRR5587011
Read 68356 spots for SRR5587012
Written 68356 spots for SRR5587012
Read 81760 spots for SRR5587013
Written 81760 spots for SRR5587013
Read 555851 spots for SRR5587014
Written 555851 spots for SRR5587014
Read 7994126 spots for SRR5587015
Written 7994126 spots for SRR5587015
Read 689096 spots for SRR5587016
Written 689096 spots for SRR5587016
Read 1176531 spots for SRR5587017
Written 1176531 spots for SRR5587017
Read 282191 spots for SRR5587018
Written 282191 spots for SRR5587018
Read 1132745 spots for SRR5587019
Written 1132745 spots for SRR5587019
Read 722953 spots for SRR5587020
Written 722953 spots for SRR5587020
Read 547903 spots for SRR5587021
Written 547903 spots for SRR5587021
Read 1073053 spots for SRR5587022
Written 1073053 spots for SRR5587022
Read 534802 spots for SRR5587023
Written 534802 spots for SRR5587023
Read 138728 spots for SRR5587024
Written 138728 spots for SRR5587024
Read 457143 spots for SRR5587025
Written 457143 spots for SRR5587025
Read 886510 spots for SRR5587026
Written 886510 spots for SRR5587026
Read 463025 spots for SRR5587027
Written 463025 spots for SRR5587027
Read 387900 spots for SRR5587028
Written 387900 spots for SRR5587028
Read 949888 spots for SRR5587029
Written 949888 spots for SRR5587029
Read 871331 spots for SRR5587030
Written 871331 spots for SRR5587030
Read 612574 spots for SRR5587031
Written 612574 spots for SRR5587031
Read 1394124 spots for SRR5587032
Written 1394124 spots for SRR5587032
Read 3541808 spots for SRR5587033
Written 3541808 spots for SRR5587033
Read 1866634 spots for SRR5587034
Written 1866634 spots for SRR5587034
Read 8478246 spots for SRR5587035
Written 8478246 spots for SRR5587035
Read 4436827 spots for SRR5587036
Written 4436827 spots for SRR5587036
Read 31493 spots for SRR5587037
Written 31493 spots for SRR5587037
Read 102121 spots for SRR5587038
Written 102121 spots for SRR5587038
Read 2433528 spots for SRR5587039
Written 2433528 spots for SRR5587039
Read 2144067 spots for SRR5587040
Written 2144067 spots for SRR5587040
Read 3413289 spots for SRR5587041
Written 3413289 spots for SRR5587041
Read 3269514 spots for SRR5587042
Written 3269514 spots for SRR5587042
Read 3167330 spots for SRR5587043
Written 3167330 spots for SRR5587043
Read 9717476 spots for SRR5587044
Written 9717476 spots for SRR5587044
Read 1705914 spots for SRR5587045
Written 1705914 spots for SRR5587045
Read 1000595 spots for SRR5587046
Written 1000595 spots for SRR5587046
Read 3042185 spots for SRR5587047
Written 3042185 spots for SRR5587047
Read 2069319 spots for SRR5587048
Written 2069319 spots for SRR5587048
Read 3688525 spots for SRR5587049
Written 3688525 spots for SRR5587049
Read 2419937 spots for SRR5587050
Written 2419937 spots for SRR5587050
Read 699862 spots for SRR5587051
Written 699862 spots for SRR5587051
Read 1808884 spots for SRR5587052
Written 1808884 spots for SRR5587052
Read 4097579 spots for SRR5587053
Written 4097579 spots for SRR5587053
Read 5536543 spots for SRR5587054
Written 5536543 spots for SRR5587054
Read 12822085 spots for SRR5587055
Written 12822085 spots for SRR5587055
Read 5373090 spots for SRR5587056
Written 5373090 spots for SRR5587056
Read 254148 spots for SRR5587057
Written 254148 spots for SRR5587057
Read 1782212 spots for SRR5587058
Written 1782212 spots for SRR5587058
Read 3558910 spots for SRR5587059
Written 3558910 spots for SRR5587059
Read 1841476 spots for SRR5587060
Written 1841476 spots for SRR5587060
Read 2448751 spots for SRR5587061
Written 2448751 spots for SRR5587061
Read 1896374 spots for SRR5587062
Written 1896374 spots for SRR5587062
Read 2609818 spots for SRR5587063
Written 2609818 spots for SRR5587063
Read 4671893 spots for SRR5587064
Written 4671893 spots for SRR5587064
Read 1922186 spots for SRR5587065
Written 1922186 spots for SRR5587065
Read 3039210 spots for SRR5587066
Written 3039210 spots for SRR5587066
Read 3587144 spots for SRR5587067
Written 3587144 spots for SRR5587067
Read 212086 spots for SRR5587068
Written 212086 spots for SRR5587068
Read 4588573 spots for SRR5587069
Written 4588573 spots for SRR5587069
Read 358374 spots for SRR5587070
Written 358374 spots for SRR5587070
Read 400150 spots for SRR5587071
Written 400150 spots for SRR5587071
Read 6634781 spots for SRR5587072
Written 6634781 spots for SRR5587072
Read 5398662 spots for SRR5587073
Written 5398662 spots for SRR5587073
Read 236212 spots for SRR5587074
Written 236212 spots for SRR5587074
Read 1105892 spots for SRR5587075
Written 1105892 spots for SRR5587075
Read 2172168 spots for SRR5587076
Written 2172168 spots for SRR5587076
Read 1009471 spots for SRR5587077
Written 1009471 spots for SRR5587077
Read 6881931 spots for SRR5587078
Written 6881931 spots for SRR5587078
Read 3352871 spots for SRR5587079
Written 3352871 spots for SRR5587079
Read 2392840 spots for SRR5587080
Written 2392840 spots for SRR5587080
Read 5471370 spots for SRR5587081
Written 5471370 spots for SRR5587081
Read 129813 spots for SRR5587082
Written 129813 spots for SRR5587082
Read 269288 spots for SRR5587083
Written 269288 spots for SRR5587083
Read 4254030 spots for SRR5587084
Written 4254030 spots for SRR5587084
Read 2006734 spots for SRR5587085
Written 2006734 spots for SRR5587085
Read 40779 spots for SRR5587086
Written 40779 spots for SRR5587086
Read 3631345 spots for SRR5587087
Written 3631345 spots for SRR5587087
Read 2683069 spots for SRR5587088
Written 2683069 spots for SRR5587088
Read 1768667 spots for SRR5587089
Written 1768667 spots for SRR5587089
Read 18072 spots for SRR5587090
Written 18072 spots for SRR5587090
Read 2132347 spots for SRR5587091
Written 2132347 spots for SRR5587091
Read 3669154 spots for SRR5587092
Written 3669154 spots for SRR5587092
Read 1438253 spots for SRR5587093
Written 1438253 spots for SRR5587093
Read 4743805 spots for SRR5587094
Written 4743805 spots for SRR5587094
Read 1189991 spots for SRR5587095
Written 1189991 spots for SRR5587095
Read 2397069 spots for SRR5587096
Written 2397069 spots for SRR5587096
Read 1584634 spots for SRR5587097
Written 1584634 spots for SRR5587097
Read 1262162 spots for SRR5587098
Written 1262162 spots for SRR5587098
Read 2052785 spots for SRR5587099
Written 2052785 spots for SRR5587099
Read 1838189 spots for SRR5587100
Written 1838189 spots for SRR5587100
Read 1811785 spots for SRR5587101
Written 1811785 spots for SRR5587101
Read 88581 spots for SRR5587102
Written 88581 spots for SRR5587102
Read 883681 spots for SRR5587103
Written 883681 spots for SRR5587103
Read 1418161 spots for SRR5587104
Written 1418161 spots for SRR5587104
Read 1251684 spots for SRR5587105
Written 1251684 spots for SRR5587105
Read 1461415 spots for SRR5587106
Written 1461415 spots for SRR5587106
Read 1554456 spots for SRR5587107
Written 1554456 spots for SRR5587107
Read 2435430 spots for SRR5587108
Written 2435430 spots for SRR5587108
Read 1211638 spots for SRR5587109
Written 1211638 spots for SRR5587109
Read 1059335 spots for SRR5587110
Written 1059335 spots for SRR5587110
Read 1369701 spots for SRR5587111
Written 1369701 spots for SRR5587111
Read 7690 spots for SRR5587112
Written 7690 spots for SRR5587112
Read 1712561 spots for SRR5587113
Written 1712561 spots for SRR5587113
Read 495870 spots for SRR5587114
Written 495870 spots for SRR5587114
Read 1256278 spots for SRR5587115
Written 1256278 spots for SRR5587115
Read 756390 spots for SRR5587116
Written 756390 spots for SRR5587116
Read 457015 spots for SRR5587117
Written 457015 spots for SRR5587117
Read 1006794 spots for SRR5587118
Written 1006794 spots for SRR5587118
Read 534008 spots for SRR5587119
Written 534008 spots for SRR5587119
Read 44838 spots for SRR5587120
Written 44838 spots for SRR5587120
Read 731290 spots for SRR5587121
Written 731290 spots for SRR5587121
Read 869874 spots for SRR5587122
Written 869874 spots for SRR5587122
Read 65008 spots for SRR5587123
Written 65008 spots for SRR5587123
Read 80683 spots for SRR5587124
Written 80683 spots for SRR5587124
Read 865334 spots for SRR5587125
Written 865334 spots for SRR5587125
Read 1582140 spots for SRR5587126
Written 1582140 spots for SRR5587126
Read 630813 spots for SRR5587127
Written 630813 spots for SRR5587127
Read 538097 spots for SRR5587128
Written 538097 spots for SRR5587128
Read 435632 spots for SRR5587129
Written 435632 spots for SRR5587129
Read 1559725 spots for SRR5587130
Written 1559725 spots for SRR5587130
Read 2584451 spots for SRR5587131
Written 2584451 spots for SRR5587131
Read 1430338 spots for SRR5587132
Written 1430338 spots for SRR5587132
Read 2753911 spots for SRR5587133
Written 2753911 spots for SRR5587133
Read 1833078 spots for SRR5587134
Written 1833078 spots for SRR5587134
Read 235262 spots for SRR5587135
Written 235262 spots for SRR5587135
Read 3197459 spots for SRR5587136
Written 3197459 spots for SRR5587136
Read 935936 spots for SRR5587137
Written 935936 spots for SRR5587137
Read 1200736 spots for SRR5587138
Written 1200736 spots for SRR5587138
Read 207694 spots for SRR5587139
Written 207694 spots for SRR5587139
Read 1856834 spots for SRR5587140
Written 1856834 spots for SRR5587140
Read 1858221 spots for SRR5587141
Written 1858221 spots for SRR5587141
Read 3618937 spots for SRR5587142
Written 3618937 spots for SRR5587142
Read 1087940 spots for SRR5587143
Written 1087940 spots for SRR5587143
Read 1304375 spots for SRR5587144
Written 1304375 spots for SRR5587144
Read 2910491 spots for SRR5587145
Written 2910491 spots for SRR5587145
Read 1080635 spots for SRR5587146
Written 1080635 spots for SRR5587146
Read 467172 spots for SRR5587147
Written 467172 spots for SRR5587147
Read 3365022 spots for SRR5587148
Written 3365022 spots for SRR5587148
Read 560309 spots for SRR5587149
Written 560309 spots for SRR5587149
Read 596213 spots for SRR5587150
Written 596213 spots for SRR5587150
Read 2201288 spots for SRR5587151
Written 2201288 spots for SRR5587151
Read 2163192 spots for SRR5587152
Written 2163192 spots for SRR5587152
Read 19969 spots for SRR5587153
Written 19969 spots for SRR5587153
Read 2520454 spots for SRR5587154
Written 2520454 spots for SRR5587154
Read 1875012 spots for SRR5587155
Written 1875012 spots for SRR5587155
Read 3124809 spots for SRR5587156
Written 3124809 spots for SRR5587156
Read 728784 spots for SRR5587157
Written 728784 spots for SRR5587157
Read 642940 spots for SRR5587158
Written 642940 spots for SRR5587158
Read 1082038 spots for SRR5587159
Written 1082038 spots for SRR5587159
Read 3009912 spots for SRR5587160
Written 3009912 spots for SRR5587160
Read 1790309 spots for SRR5587161
Written 1790309 spots for SRR5587161
Read 1081020 spots for SRR5587162
Written 1081020 spots for SRR5587162
Read 1122039 spots for SRR5587163
Written 1122039 spots for SRR5587163
Read 1113467 spots for SRR5587164
Written 1113467 spots for SRR5587164
Read 864813 spots for SRR5587165
Written 864813 spots for SRR5587165
Read 1820780 spots for SRR5587166
Written 1820780 spots for SRR5587166
Read 2612609 spots for SRR5587167
Written 2612609 spots for SRR5587167
Read 1807277 spots for SRR5587168
Written 1807277 spots for SRR5587168
Read 3058681 spots for SRR5587169
Written 3058681 spots for SRR5587169
Read 15850 spots for SRR5587170
Written 15850 spots for SRR5587170
Read 1623505 spots for SRR5587171
Written 1623505 spots for SRR5587171
Read 1522950 spots for SRR5587172
Written 1522950 spots for SRR5587172
Read 61868 spots for SRR5587173
Written 61868 spots for SRR5587173
Read 275312 spots for SRR5587174
Written 275312 spots for SRR5587174
Read 1491217 spots for SRR5587175
Written 1491217 spots for SRR5587175
Read 2646262 spots for SRR5587176
Written 2646262 spots for SRR5587176
Read 3103404 spots for SRR5587177
Written 3103404 spots for SRR5587177
Read 2399453 spots for SRR5587178
Written 2399453 spots for SRR5587178

------------------------------------------------------------
Sender: LSF System <lsfadmin@it-c01b14>
Subject: Job 4975613: <./download_srafiles.sh> Done

Job <./download_srafiles.sh> was submitted from host <tak> by user <agroff> in cluster <irken>.
Job was executed on host(s) <it-c01b14>, in queue <normal>, as user <agroff> in cluster <irken>.
</home/agroff> was used as the home directory.
</lab/solexa_page/agroff/EMBRYO_OTHER/bostau/scripts> was used as the working directory.
Started at Mon Oct  8 15:22:28 2018
Results reported at Mon Oct  8 20:55:19 2018

Your job looked like:

------------------------------------------------------------
# LSBATCH: User input
./download_srafiles.sh
------------------------------------------------------------

Successfully completed.

Resource usage summary:

    CPU time   :  11779.14 sec.
    Max Memory :        41 MB
    Max Swap   :       151 MB

    Max Processes  :         4
    Max Threads    :         6

The output (if any) is above this job summary.



PS:

Read file <bovine_download.err> for stderr output of this job.

